-------------------------------------------------------------------------------
Test set: br.up.edu.jpa.CrudCompraTest
-------------------------------------------------------------------------------
Tests run: 1, Failures: 0, Errors: 1, Skipped: 0, Time elapsed: 1.88 s <<< FAILURE! - in br.up.edu.jpa.CrudCompraTest
Teste(br.up.edu.jpa.CrudCompraTest)  Time elapsed: 0.004 s  <<< ERROR!
org.springframework.beans.factory.UnsatisfiedDependencyException: Error creating bean with name 'br.up.edu.jpa.CrudCompraTest': Unsatisfied dependency expressed through field 'cabecalhoOrdemCompraRepository'; nested exception is org.springframework.beans.factory.NoSuchBeanDefinitionException: No qualifying bean of type 'br.edu.up.jpa.Repository.CabecalhoOrdemCompraRepository' available: expected at least 1 bean which qualifies as autowire candidate. Dependency annotations: {@org.springframework.beans.factory.annotation.Autowired(required=true)}
Caused by: org.springframework.beans.factory.NoSuchBeanDefinitionException: No qualifying bean of type 'br.edu.up.jpa.Repository.CabecalhoOrdemCompraRepository' available: expected at least 1 bean which qualifies as autowire candidate. Dependency annotations: {@org.springframework.beans.factory.annotation.Autowired(required=true)}

