-------------------------------------------------------------------------------
Test set: br.up.edu.jpa.ComprasApplicationTests
-------------------------------------------------------------------------------
Tests run: 1, Failures: 0, Errors: 1, Skipped: 0, Time elapsed: 0.005 s <<< FAILURE! - in br.up.edu.jpa.ComprasApplicationTests
initializationError(br.up.edu.jpa.ComprasApplicationTests)  Time elapsed: 0 s  <<< ERROR!
java.lang.IllegalStateException: Unable to find a @SpringBootConfiguration, you need to use @ContextConfiguration or @SpringBootTest(classes=...) with your test

